Aston Martin models containing 'DB': [
  'Aston Martin DBX 707 (2022)',
  'Aston Martin DBX S (2025)',
  'Aston Martin DB12 Volante 4.0 V8 (2024)',
  'Aston Martin DBS Superleggera 770 Ultimate Volante 5.2 V12 (2023)',
  'Aston Martin DBS Superleggera 770 Ultimate 5.2 V12 (2023)',
  'Aston Martin DB12 4.0 V8 (2023)',
  '2022 Aston Martin DBX 707',
  '2025 Aston Martin DBX S'
]

Dodge Charger model links (first 5):
   Dodge Charger Daytona EV R/T (2024) /car-specs/Dodge/141153/Dodge-Charger-Daytona-EV-R-T.html
   Dodge Charger Daytona EV Scat Pack (2024) /car-specs/Dodge/141154/Dodge-Charger-Daytona-EV-Scat-Pack.html

Charger versions (first 8):
   Charger LB - 2024 New Model
   - Scat Pack (2024)
   Dodge Hornet GT AWD (2023)
   Dodge Durango 2021 SRT Hellcat Brass Monkey (2025)
   Dodge Charger 2015 6.2 V8 SRT Hellcat Redeye (2020)
   Dodge Charger R/T (XS29) 1969 440 V8 Magnum 4-speed (1968)
   Dodge Charger 2015 3.6 V6 GT (2018)
   DS N°4 E-Tense (2025)

=== 1969 Charger spec page text (first 1500 chars) ===
 English
Français
Deutsch
Svensk
Português PT
Español
русский
Italiano
български
Nederlands
Polski
Português BR
Türkçe

< Back

STORE
CAR SPECS
ELECTRIC & HYBRID CARS
COMPARE CARS
ADVANCED SEARCH
CARS
MOTOS
TRACTORS
AIRCRAFT
Car Specs > Dodge > Charger > Charger R/T (XS29) 1969 > 440 V8 Magnum 4-speed
Dodge Charger R/T (XS29) 1969 440 V8 Magnum 4-speed Specs
(1968 - 1969) - Technical Specifications for Years 1968, 1969

★★★★★
★★★★★
Own this car? Rate it!
KEY SPECS
Petrol
7206 cm3
439.7 cu-in
V 8
380 PS
375 HP / 279 kW
654 Nm
482 lb-ft
COMPARE WITH ANOTHER CAR
MORE PICTURES
Dodge Charger R/T (XS29) 1969 440 V8 Magnum 4-speed Body, Model and Production details


Generation :	Charger 2nd Gen. (B-body) - 1969 Update

Body :	Coupé

Num. of Doors :	2 doors


Dodge Charger R/T (XS29) 1969 440 V8 Magnum 4-speed Engine Technical Data


Engine type - Number of cylinders :	V 8

Engine Code :	Chrysler RB-series V-8 440 Magnum

Fuel type :	Petrol

Fuel System :	Carburetor 4-Barrel

Lubrication :	
See oil information 


Engine Alignment :	Longitudinal

Engine Position :	Front

Engine displacement :	7206 cm3 / 439.7 cu-in

Bore x Stroke :	109.73 x 95.25 mm
4.32 x 3.75 inches

Number of valves :	16 Valves

Aspiration :	naturally-aspirated

Compression Ratio :	10.1

Horsepower :	380 PS / 375 HP / 279 kW
@ 4600 rpm

Maximum torque :	654 Nm / 482 lb-ft
@ 3200 rpm

Drive wheels - Traction - Drivetrain :	RWD

Transmission Gearbox - Number of speeds :	
4 speed Manual


Dodge Charger R/T (XS29) 1969
