Aston Martin MODEL links (first 25):
   Aston Martin DBX 707 (2022) -> /car-specs/Aston-Martin/296813/Aston-Martin-DBX-707.html
   Aston Martin DBX S (2025) -> /car-specs/Aston-Martin/296812/Aston-Martin-DBX-S.html
   Aston Martin Vantage Roadster 2025 V8 (2025) -> /car-specs/Aston-Martin/147390/Aston-Martin-Vantage-Roadster-2025-V8.html
   Aston Martin DB12 Volante 4.0 V8 (2024) -> /car-specs/Aston-Martin/147391/Aston-Martin-DB12-Volante-40-V8.html
   Aston Martin Vanquish Coupe 2025 5.2 V12 Touchtronic (2024) -> /car-specs/Aston-Martin/139336/Aston-Martin-Vanquish-Coupe-2025-52-V12-Touchtronic.html
   Aston Martin DBS Superleggera 770 Ultimate Volante 5.2 V12 (2023) -> /car-specs/Aston-Martin/135488/Aston-Martin-DBS-Superleggera-770-Ultimate-Volante-52-V12.html
   Aston Martin Vantage Roadster 2020 V12 (2022) -> /car-specs/Aston-Martin/136409/Aston-Martin-Vantage-Roadster-2020-V12.html
   Aston Martin DBS Superleggera 770 Ultimate 5.2 V12 (2023) -> /car-specs/Aston-Martin/135487/Aston-Martin-DBS-Superleggera-770-Ultimate-52-V12.html
   Aston Martin DB12 4.0 V8 (2023) -> /car-specs/Aston-Martin/136173/Aston-Martin-DB12-40-V8.html
   Aston Martin V8 Volante (Series 4) V8 US-Market (1982) -> /car-specs/Aston-Martin/132243/Aston-Martin-V8-Volante-(Series-4)-V8-US-Market.html
   Aston Martin V8 Volante (Series 4) V8 US-Market Auto (1980) -> /car-specs/Aston-Martin/132242/Aston-Martin-V8-Volante-(Series-4)-V8-US-Market-Auto.html
   Aston Martin V8 Volante (Series 4) V8 US-Market Auto (1982) -> /car-specs/Aston-Martin/132244/Aston-Martin-V8-Volante-(Series-4)-V8-US-Market-Auto.html
   Aston Martin V8 Volante (Series 4) V8 US-Market Auto (1978) -> /car-specs/Aston-Martin/132236/Aston-Martin-V8-Volante-(Series-4)-V8-US-Market-Auto.html
   Aston Martin V8 Volante (Series 4) V8 US-Market Auto (1984) -> /car-specs/Aston-Martin/132246/Aston-Martin-V8-Volante-(Series-4)-V8-US-Market-Auto.html
   Aston Martin V8 Volante (Series 4) V8 US-Market Auto (1979) -> /car-specs/Aston-Martin/132238/Aston-Martin-V8-Volante-(Series-4)-V8-US-Market-Auto.html
   Aston Martin V8 Vantage (Series 2) V580 (1980) -> /car-specs/Aston-Martin/134231/Aston-Martin-V8-Vantage-(Series-2)-V580.html
   Aston Martin V8 Saloon (Series 4) V8 US-Market (1984) -> /car-specs/Aston-Martin/132205/Aston-Martin-V8-Saloon-(Series-4)-V8-US-Market.html
   Aston Martin V8 Saloon (Series 4) V8 260HP US-Market Auto (1980) -> /car-specs/Aston-Martin/132202/Aston-Martin-V8-Saloon-(Series-4)-V8-260HP-US-Market-Auto.html
   Aston Martin V8 Vantage (Series 2) V580-BBS Auto (1983) -> /car-specs/Aston-Martin/132219/Aston-Martin-V8-Vantage-(Series-2)-V580-BBS-Auto.html
   Aston Martin V8 Saloon (Series 4) V8 US-Market Auto (1982) -> /car-specs/Aston-Martin/132204/Aston-Martin-V8-Saloon-(Series-4)-V8-US-Market-Auto.html
   2022 Aston Martin DBX 707 -> /car-specs/Aston-Martin/296813/Aston-Martin-DBX-707.html
   2025 Aston Martin DBX S -> /car-specs/Aston-Martin/296812/Aston-Martin-DBX-S.html

DB5 link: NOT FOUND
